
-------
07/53/2018 19:53:44
-------

Error executing '/**
 * Author:  Bjørnar W. Alvestad
 * Created: 07.apr.2018
 */
BEGIN TRANSACTION ' (line 6): [SQLITE_ERROR] SQL error or missing database (cannot start a transaction within a transaction)

-------
07/54/2018 19:54:16
-------

Error executing 'BEGIN TRANSACTION ' (line 1): [SQLITE_ERROR] SQL error or missing database (cannot start a transaction within a transaction)

-------
07/54/2018 19:54:42
-------


-------
07/56/2018 19:56:10
-------


-------
08/40/2018 16:40:56
-------

