
-------
07/53/2018 19:53:44
-------

/**
 * Author:  Bjørnar W. Alvestad
 * Created: 07.apr.2018
 */
BEGIN TRANSACTION 

-------
07/54/2018 19:54:16
-------

BEGIN TRANSACTION 

-------
07/54/2018 19:54:42
-------

/**
 * Author:  Bjørnar W. Alvestad
 * Created: 07.apr.2018
 */
DROP TABLE IF EXISTS `Regions` 
CREATE TABLE IF NOT EXISTS `Regions` (
	`x`	INTEGER NOT NULL,
	`y`	INTEGER NOT NULL,
	`data`	BLOB NOT NULL,
	PRIMARY KEY(`y`,`x`)
) 

-------
07/56/2018 19:56:10
-------

/**
 * Author:  Bjørnar W. Alvestad
 * Created: 07.apr.2018
 */
DROP TABLE IF EXISTS `Regions` 
CREATE TABLE IF NOT EXISTS `Regions` (
	`x`	INTEGER NOT NULL,
	`y`	INTEGER NOT NULL,
	`data`	BLOB NOT NULL,
	PRIMARY KEY(`y`,`x`)
) 

-------
08/40/2018 16:40:56
-------

/**
 * Author:  Bjørnar W. Alvestad
 * Created: 07.apr.2018
 */
DROP TABLE IF EXISTS `Regions` 
CREATE TABLE IF NOT EXISTS `Regions` (
	`x`	INTEGER NOT NULL,
	`y`	INTEGER NOT NULL,
	`data`	BLOB NOT NULL,
	PRIMARY KEY(`y`,`x`)
) 
